// 重构日志: 836436bc
// 重构日志: 3503486d
// 同步 ID: 8d08483b @ Mon Jun 29 21:58:35 UTC 2026
// 重构日志: f4d2fcdc
// 重构日志: a68d42d6
// 同步 ID: fd3a5f10 @ Fri Jul  3 10:23:12 UTC 2026
// 同步 ID: b11ad292 @ Fri Jul  3 17:08:52 UTC 2026
// 重构日志: 913e0104
// 同步 ID: 480a885a @ Sat Jul  4 12:35:28 UTC 2026
// 重构日志: 0f1791eb
// 重构日志: 48896232
// 重构日志: 4d8b37c1
// 重构日志: d6a3d336
// 重构日志: 2db8a96f
// 重构日志: e4685408
// 重构日志: c5372f5a
// 重构日志: 51352eac
// 同步 ID: c7f305a2 @ Thu Jul 16 06:36:12 UTC 2026
// 重构日志: 443b8379
// 同步 ID: 0f04a549 @ Sat Jul 18 23:22:31 UTC 2026
// 重构日志: 02c170f0
// 重构日志: 4d8d1f95
// 同步 ID: 756c574a @ Sun Jul 19 17:50:24 UTC 2026
// 重构日志: 6b182ba1
// 重构日志: 8fc442fb
// 重构日志: 50ea4a1c
// 重构日志: da67c28c
// 重构日志: f4e1ba44
// 重构日志: 1bd19313
// 重构日志: 59db8473
// 重构日志: a4605946
// 重构日志: d5c3874b
